<?xml version="1.0" encoding="UTF-8"?>
<testsuite name="com.example.tdd.ExpiryDateCalculatorTest" tests="1" skipped="0" failures="0" errors="0" timestamp="2024-08-08T06:12:40" hostname="Leos-MacBook-Pro.local" time="1.329">
  <properties/>
  <testcase name="[1] " classname="com.example.tdd.ExpiryDateCalculatorTest" time="1.329"/>
  <system-out><![CDATA[15:12:37.026 [Test worker] INFO org.springframework.test.context.support.AnnotationConfigContextLoaderUtils -- Could not detect default configuration classes for test class [com.example.tdd.ExpiryDateCalculatorTest]: ExpiryDateCalculatorTest does not declare any static, non-private, non-final, nested classes annotated with @Configuration.
15:12:37.159 [Test worker] INFO org.springframework.boot.test.context.SpringBootTestContextBootstrapper -- Found @SpringBootConfiguration com.example.tdd.TddApplication for test class com.example.tdd.ExpiryDateCalculatorTest

  .   ____          _            __ _ _
 /\\ / ___'_ __ _ _(_)_ __  __ _ \ \ \ \
( ( )\___ | '_ | '_| | '_ \/ _` | \ \ \ \
 \\/  ___)| |_)| | | | | || (_| |  ) ) ) )
  '  |____| .__|_| |_|_| |_\__, | / / / /
 =========|_|==============|___/=/_/_/_/

 :: Spring Boot ::                (v3.3.2)

2024-08-08T15:12:37.660+09:00  INFO 5651 --- [tdd] [    Test worker] c.example.tdd.ExpiryDateCalculatorTest   : Starting ExpiryDateCalculatorTest using Java 21.0.1 with PID 5651 (started by leo in /Users/leo/dev/tdd)
2024-08-08T15:12:37.662+09:00  INFO 5651 --- [tdd] [    Test worker] c.example.tdd.ExpiryDateCalculatorTest   : No active profile set, falling back to 1 default profile: "default"
2024-08-08T15:12:40.054+09:00  INFO 5651 --- [tdd] [    Test worker] c.example.tdd.ExpiryDateCalculatorTest   : Started ExpiryDateCalculatorTest in 2.386 seconds (process running for 4.985)
]]></system-out>
  <system-err><![CDATA[WARNING: A Java agent has been loaded dynamically (/Users/leo/.gradle/caches/modules-2/files-2.1/net.bytebuddy/byte-buddy-agent/1.14.18/417558ea01fe9f0e8a94af28b9469d281c4e3984/byte-buddy-agent-1.14.18.jar)
WARNING: If a serviceability tool is in use, please run with -XX:+EnableDynamicAgentLoading to hide this warning
WARNING: If a serviceability tool is not in use, please run with -Djdk.instrument.traceUsage for more information
WARNING: Dynamic loading of agents will be disallowed by default in a future release
]]></system-err>
</testsuite>
